
> adpilot@0.1.0 build
> next build

 ⚠ Warning: Found multiple lockfiles. Selecting /Users/metinhakanokuyucu/package-lock.json.
   Consider removing the lockfiles at:
   * /Users/metinhakanokuyucu/adpilot/package-lock.json

   ▲ Next.js 15.4.6
   - Environments: .env.local

   Creating an optimized production build ...
 ✓ Compiled successfully in 6.0s
   Skipping linting
   Checking validity of types ...
Failed to compile.

./app/api/campaigns/[id]/budget/route.ts:90:15
Type error: No overload matches this call.
  Overload 1 of 2, '(relation: "messages" | "ad_budgets" | "ads" | "ad_copy_variations" | "ad_creatives" | "ad_destinations" | "ad_publishing_metadata" | "ad_status_transitions" | "ad_target_locations" | ... 18 more ... | "temp_prompts"): PostgrestQueryBuilder<...>', gave the following error.
    Argument of type '"campaign_states"' is not assignable to parameter of type '"messages" | "ad_budgets" | "ads" | "ad_copy_variations" | "ad_creatives" | "ad_destinations" | "ad_publishing_metadata" | "ad_status_transitions" | "ad_target_locations" | ... 18 more ... | "temp_prompts"'.
  Overload 2 of 2, '(relation: "view_meta_connection_summary"): PostgrestQueryBuilder<{ PostgrestVersion: "13.0.5"; }, { Tables: { ad_budgets: { Row: { ad_id: string; created_at: string; currency_code: string; daily_budget_cents: number; ... 4 more ...; updated_at: string; }; Insert: { ...; }; Update: { ...; }; Relationships: [...]; }; ... 26 more ...; temp_prompts: { ...; }; }; Views: { ...; }; Functions: {}; Enums: { ...; }; CompositeTypes: {}; }, { ...; }, "view_meta_connection_summary", [...]>', gave the following error.
    Argument of type '"campaign_states"' is not assignable to parameter of type '"view_meta_connection_summary"'.

[0m [90m 88 |[39m       [90m// Also update campaign_states budget_data for consistency[39m
 [90m 89 |[39m       [36mawait[39m supabaseServer
[31m[1m>[22m[39m[90m 90 |[39m         [33m.[39m[36mfrom[39m([32m'campaign_states'[39m)
 [90m    |[39m               [31m[1m^[22m[39m
 [90m 91 |[39m         [33m.[39mupsert(
 [90m 92 |[39m           {
 [90m 93 |[39m             campaign_id[33m:[39m id[33m,[39m[0m
Next.js build worker exited with code: 1 and signal: null
